2025-07-05T10:21:08.621+05:30  INFO 12604 --- [auth-service] [main] c.g.authservice.AuthServiceApplication   : Starting AuthServiceApplication using Java 17.0.12 with PID 12604 (D:\Grambasket\grambasket\auth-service\target\classes started by Admin in D:\Grambasket\grambasket)
2025-07-05T10:21:08.635+05:30 DEBUG 12604 --- [auth-service] [main] c.g.authservice.AuthServiceApplication   : Running with Spring Boot v3.5.3, Spring v6.2.8
2025-07-05T10:21:08.638+05:30  INFO 12604 --- [auth-service] [main] c.g.authservice.AuthServiceApplication   : No active profile set, falling back to 1 default profile: "default"
2025-07-05T10:21:12.790+05:30  INFO 12604 --- [auth-service] [main] .s.d.r.c.RepositoryConfigurationDelegate : Bootstrapping Spring Data MongoDB repositories in DEFAULT mode.
2025-07-05T10:21:13.341+05:30  INFO 12604 --- [auth-service] [main] .s.d.r.c.RepositoryConfigurationDelegate : Finished Spring Data repository scanning in 531 ms. Found 1 MongoDB repository interface.
2025-07-05T10:21:14.199+05:30  INFO 12604 --- [auth-service] [main] o.s.cloud.context.scope.GenericScope     : BeanFactory id=b89e6a6f-6b7f-32f9-b8e2-78b8647a9928
2025-07-05T10:21:15.432+05:30  INFO 12604 --- [auth-service] [main] o.s.b.w.embedded.tomcat.TomcatWebServer  : Tomcat initialized with port 8081 (http)
2025-07-05T10:21:15.489+05:30  INFO 12604 --- [auth-service] [main] o.apache.catalina.core.StandardService   : Starting service [Tomcat]
2025-07-05T10:21:15.490+05:30  INFO 12604 --- [auth-service] [main] o.apache.catalina.core.StandardEngine    : Starting Servlet engine: [Apache Tomcat/10.1.42]
2025-07-05T10:21:15.709+05:30  INFO 12604 --- [auth-service] [main] o.a.c.c.C.[Tomcat].[localhost].[/]       : Initializing Spring embedded WebApplicationContext
2025-07-05T10:21:15.711+05:30  INFO 12604 --- [auth-service] [main] w.s.c.ServletWebServerApplicationContext : Root WebApplicationContext: initialization completed in 6920 ms
2025-07-05T10:21:16.282+05:30  INFO 12604 --- [auth-service] [main] c.g.authservice.security.JwtService      : JWT signing key initialized for use with HS512 algorithm.
2025-07-05T10:21:16.710+05:30  INFO 12604 --- [auth-service] [main] org.mongodb.driver.client                : MongoClient with metadata {"driver": {"name": "mongo-java-driver|sync|spring-boot", "version": "5.5.1"}, "os": {"type": "Windows", "name": "Windows 11", "architecture": "amd64", "version": "10.0"}, "platform": "Java/Oracle Corporation/17.0.12+8-LTS-286"} created with settings MongoClientSettings{readPreference=primary, writeConcern=WriteConcern{w=null, wTimeout=null ms, journal=null}, retryWrites=true, retryReads=true, readConcern=ReadConcern{level=null}, credential=null, transportSettings=null, commandListeners=[io.micrometer.core.instrument.binder.mongodb.MongoMetricsCommandListener@4ca5cb99], codecRegistry=ProvidersCodecRegistry{codecProviders=[ValueCodecProvider{}, BsonValueCodecProvider{}, DBRefCodecProvider{}, DBObjectCodecProvider{}, DocumentCodecProvider{}, CollectionCodecProvider{}, IterableCodecProvider{}, MapCodecProvider{}, GeoJsonCodecProvider{}, GridFSFileCodecProvider{}, Jsr310CodecProvider{}, JsonObjectCodecProvider{}, BsonCodecProvider{}, EnumCodecProvider{}, com.mongodb.client.model.mql.ExpressionCodecProvider@7853363c, com.mongodb.Jep395RecordCodecProvider@6282f1eb, com.mongodb.KotlinCodecProvider@120d6cbf]}, loggerSettings=LoggerSettings{maxDocumentLength=1000}, clusterSettings={hosts=[localhost:27017], srvServiceName=mongodb, mode=SINGLE, requiredClusterType=UNKNOWN, requiredReplicaSetName='null', serverSelector='null', clusterListeners='[]', serverSelectionTimeout='30000 ms', localThreshold='15 ms'}, socketSettings=SocketSettings{connectTimeoutMS=10000, readTimeoutMS=0, receiveBufferSize=0, proxySettings=ProxySettings{host=null, port=null, username=null, password=null}}, heartbeatSocketSettings=SocketSettings{connectTimeoutMS=10000, readTimeoutMS=10000, receiveBufferSize=0, proxySettings=ProxySettings{host=null, port=null, username=null, password=null}}, connectionPoolSettings=ConnectionPoolSettings{maxSize=100, minSize=0, maxWaitTimeMS=120000, maxConnectionLifeTimeMS=0, maxConnectionIdleTimeMS=0, maintenanceInitialDelayMS=0, maintenanceFrequencyMS=60000, connectionPoolListeners=[io.micrometer.core.instrument.binder.mongodb.MongoMetricsConnectionPoolListener@70169464], maxConnecting=2}, serverSettings=ServerSettings{heartbeatFrequencyMS=10000, minHeartbeatFrequencyMS=500, serverMonitoringMode=AUTO, serverListeners='[]', serverMonitorListeners='[]'}, sslSettings=SslSettings{enabled=false, invalidHostNameAllowed=false, context=null}, applicationName='null', compressorList=[], uuidRepresentation=JAVA_LEGACY, serverApi=null, autoEncryptionSettings=null, dnsClient=null, inetAddressResolver=null, contextProvider=null, timeoutMS=null}
2025-07-05T10:21:16.731+05:30  INFO 12604 --- [auth-service] [cluster-ClusterId{value='6868af44e2d76aae2224d2df', description='null'}-localhost:27017] org.mongodb.driver.cluster               : Monitor thread successfully connected to server with description ServerDescription{address=localhost:27017, type=STANDALONE, cryptd=false, state=CONNECTED, ok=true, minWireVersion=0, maxWireVersion=25, maxDocumentSize=16777216, logicalSessionTimeoutMinutes=30, roundTripTimeNanos=47087900, minRoundTripTimeNanos=0}
2025-07-05T10:21:18.059+05:30 DEBUG 12604 --- [auth-service] [main] c.g.a.security.JwtAuthenticationFilter   : Filter 'jwtAuthenticationFilter' configured for use
2025-07-05T10:21:18.895+05:30  INFO 12604 --- [auth-service] [main] eAuthenticationProviderManagerConfigurer : Global AuthenticationManager configured with AuthenticationProvider bean with name authenticationProvider
2025-07-05T10:21:18.897+05:30  WARN 12604 --- [auth-service] [main] r$InitializeUserDetailsManagerConfigurer : Global AuthenticationManager configured with an AuthenticationProvider bean. UserDetailsService beans will not be used by Spring Security for automatically configuring username/password login. Consider removing the AuthenticationProvider bean. Alternatively, consider using the UserDetailsService in a manually instantiated DaoAuthenticationProvider. If the current configuration is intentional, to turn off this warning, increase the logging level of 'org.springframework.security.config.annotation.authentication.configuration.InitializeUserDetailsBeanManagerConfigurer' to ERROR
2025-07-05T10:21:19.292+05:30  INFO 12604 --- [auth-service] [main] o.s.c.openfeign.FeignClientFactoryBean   : For 'user-service' URL not provided. Will try picking an instance via load-balancing.
2025-07-05T10:21:20.451+05:30  INFO 12604 --- [auth-service] [main] o.s.b.a.e.web.EndpointLinksResolver      : Exposing 2 endpoints beneath base path '/actuator'
2025-07-05T10:21:20.687+05:30  INFO 12604 --- [auth-service] [main] c.g.authservice.security.SecurityConfig  : Configuring Security Filter Chain for auth-service.
2025-07-05T10:21:20.688+05:30 DEBUG 12604 --- [auth-service] [main] c.g.authservice.security.SecurityConfig  : Configuring CORS to allow all origins, methods, and headers.
2025-07-05T10:21:20.704+05:30 DEBUG 12604 --- [auth-service] [main] c.g.authservice.security.SecurityConfig  : Configuring authorization rules: Permitting public access to auth endpoints.
2025-07-05T10:21:20.746+05:30 DEBUG 12604 --- [auth-service] [main] c.g.authservice.security.SecurityConfig  : Setting session management policy to STATELESS.
2025-07-05T10:21:20.748+05:30  INFO 12604 --- [auth-service] [main] c.g.authservice.security.SecurityConfig  : Security Filter Chain for auth-service configured successfully.
2025-07-05T10:21:20.839+05:30 DEBUG 12604 --- [auth-service] [main] o.s.s.web.DefaultSecurityFilterChain     : Will secure any request with filters: DisableEncodeUrlFilter, WebAsyncManagerIntegrationFilter, SecurityContextHolderFilter, HeaderWriterFilter, CorsFilter, LogoutFilter, JwtAuthenticationFilter, RequestCacheAwareFilter, SecurityContextHolderAwareRequestFilter, AnonymousAuthenticationFilter, SessionManagementFilter, ExceptionTranslationFilter, AuthorizationFilter
2025-07-05T10:21:21.839+05:30  INFO 12604 --- [auth-service] [main] DiscoveryClientOptionalArgsConfiguration : Eureka HTTP Client uses RestTemplate.
2025-07-05T10:21:21.899+05:30  WARN 12604 --- [auth-service] [main] iguration$LoadBalancerCaffeineWarnLogger : Spring Cloud LoadBalancer is currently working with the default cache. While this cache implementation is useful for development and tests, it's recommended to use Caffeine cache in production.You can switch to using Caffeine cache, by adding it and org.springframework.cache.caffeine.CaffeineCacheManager to the classpath.
2025-07-05T10:21:22.058+05:30  INFO 12604 --- [auth-service] [main] o.s.c.n.eureka.InstanceInfoFactory       : Setting initial instance status as: STARTING
2025-07-05T10:21:22.109+05:30  INFO 12604 --- [auth-service] [main] com.netflix.discovery.DiscoveryClient    : Initializing Eureka in region us-east-1
2025-07-05T10:21:22.119+05:30  INFO 12604 --- [auth-service] [main] c.n.d.s.r.aws.ConfigClusterResolver      : Resolving eureka endpoints via configuration
2025-07-05T10:21:22.138+05:30  INFO 12604 --- [auth-service] [main] com.netflix.discovery.DiscoveryClient    : Disable delta property : false
2025-07-05T10:21:22.139+05:30  INFO 12604 --- [auth-service] [main] com.netflix.discovery.DiscoveryClient    : Single vip registry refresh property : null
2025-07-05T10:21:22.139+05:30  INFO 12604 --- [auth-service] [main] com.netflix.discovery.DiscoveryClient    : Force full registry fetch : false
2025-07-05T10:21:22.140+05:30  INFO 12604 --- [auth-service] [main] com.netflix.discovery.DiscoveryClient    : Application is null : false
2025-07-05T10:21:22.140+05:30  INFO 12604 --- [auth-service] [main] com.netflix.discovery.DiscoveryClient    : Registered Applications size is zero : true
2025-07-05T10:21:22.141+05:30  INFO 12604 --- [auth-service] [main] com.netflix.discovery.DiscoveryClient    : Application version is -1: true
2025-07-05T10:21:22.141+05:30  INFO 12604 --- [auth-service] [main] com.netflix.discovery.DiscoveryClient    : Getting all instance registry info from the eureka server
2025-07-05T10:21:22.956+05:30  INFO 12604 --- [auth-service] [main] com.netflix.discovery.DiscoveryClient    : The response status is 200
2025-07-05T10:21:22.958+05:30  INFO 12604 --- [auth-service] [main] com.netflix.discovery.DiscoveryClient    : Starting heartbeat executor: renew interval is: 30
2025-07-05T10:21:22.961+05:30  INFO 12604 --- [auth-service] [main] c.n.discovery.InstanceInfoReplicator     : InstanceInfoReplicator onDemand update allowed rate per min is 4
2025-07-05T10:21:22.964+05:30  INFO 12604 --- [auth-service] [main] com.netflix.discovery.DiscoveryClient    : Discovery Client initialized at timestamp 1751691082962 with initial instances count: 0
2025-07-05T10:21:22.970+05:30  INFO 12604 --- [auth-service] [main] o.s.c.n.e.s.EurekaServiceRegistry        : Registering application AUTH-SERVICE with eureka with status UP
2025-07-05T10:21:22.971+05:30  INFO 12604 --- [auth-service] [main] com.netflix.discovery.DiscoveryClient    : Saw local status change event StatusChangeEvent [timestamp=1751691082971, current=UP, previous=STARTING]
2025-07-05T10:21:22.973+05:30  INFO 12604 --- [auth-service] [DiscoveryClient-InstanceInfoReplicator-%d] com.netflix.discovery.DiscoveryClient    : DiscoveryClient_AUTH-SERVICE/192.168.31.79:auth-service:8081: registering service...
2025-07-05T10:21:23.013+05:30  INFO 12604 --- [auth-service] [main] o.s.b.w.embedded.tomcat.TomcatWebServer  : Tomcat started on port 8081 (http) with context path '/'
2025-07-05T10:21:23.015+05:30  INFO 12604 --- [auth-service] [main] .s.c.n.e.s.EurekaAutoServiceRegistration : Updating port to 8081
2025-07-05T10:21:23.232+05:30  INFO 12604 --- [auth-service] [DiscoveryClient-InstanceInfoReplicator-%d] com.netflix.discovery.DiscoveryClient    : DiscoveryClient_AUTH-SERVICE/192.168.31.79:auth-service:8081 - registration status: 204
2025-07-05T10:21:23.246+05:30  INFO 12604 --- [auth-service] [main] c.g.authservice.AuthServiceApplication   : Started AuthServiceApplication in 17.064 seconds (process running for 27.276)
2025-07-05T10:21:52.961+05:30  INFO 12604 --- [auth-service] [DiscoveryClient-CacheRefreshExecutor-%d] com.netflix.discovery.DiscoveryClient    : Disable delta property : false
2025-07-05T10:21:52.961+05:30  INFO 12604 --- [auth-service] [DiscoveryClient-CacheRefreshExecutor-%d] com.netflix.discovery.DiscoveryClient    : Single vip registry refresh property : null
2025-07-05T10:21:52.961+05:30  INFO 12604 --- [auth-service] [DiscoveryClient-CacheRefreshExecutor-%d] com.netflix.discovery.DiscoveryClient    : Force full registry fetch : false
2025-07-05T10:21:52.962+05:30  INFO 12604 --- [auth-service] [DiscoveryClient-CacheRefreshExecutor-%d] com.netflix.discovery.DiscoveryClient    : Application is null : false
2025-07-05T10:21:52.962+05:30  INFO 12604 --- [auth-service] [DiscoveryClient-CacheRefreshExecutor-%d] com.netflix.discovery.DiscoveryClient    : Registered Applications size is zero : true
2025-07-05T10:21:52.963+05:30  INFO 12604 --- [auth-service] [DiscoveryClient-CacheRefreshExecutor-%d] com.netflix.discovery.DiscoveryClient    : Application version is -1: false
2025-07-05T10:21:52.963+05:30  INFO 12604 --- [auth-service] [DiscoveryClient-CacheRefreshExecutor-%d] com.netflix.discovery.DiscoveryClient    : Getting all instance registry info from the eureka server
2025-07-05T10:21:52.994+05:30  INFO 12604 --- [auth-service] [DiscoveryClient-CacheRefreshExecutor-%d] com.netflix.discovery.DiscoveryClient    : The response status is 200
2025-07-05T10:22:05.680+05:30  INFO 12604 --- [auth-service] [http-nio-8081-exec-1] o.a.c.c.C.[Tomcat].[localhost].[/]       : Initializing Spring DispatcherServlet 'dispatcherServlet'
2025-07-05T10:22:05.681+05:30  INFO 12604 --- [auth-service] [http-nio-8081-exec-1] o.s.web.servlet.DispatcherServlet        : Initializing Servlet 'dispatcherServlet'
2025-07-05T10:22:05.683+05:30  INFO 12604 --- [auth-service] [http-nio-8081-exec-1] o.s.web.servlet.DispatcherServlet        : Completed initialization in 2 ms
2025-07-05T10:22:05.699+05:30 DEBUG 12604 --- [auth-service] [http-nio-8081-exec-1] o.s.security.web.FilterChainProxy        : Securing POST /api/auth-service/login
2025-07-05T10:22:05.713+05:30 DEBUG 12604 --- [auth-service] [http-nio-8081-exec-1] o.s.s.w.a.AnonymousAuthenticationFilter  : Set SecurityContextHolder to anonymous SecurityContext
2025-07-05T10:22:05.719+05:30 DEBUG 12604 --- [auth-service] [http-nio-8081-exec-1] o.s.security.web.FilterChainProxy        : Secured POST /api/auth-service/login
2025-07-05T10:22:05.836+05:30  INFO 12604 --- [auth-service] [http-nio-8081-exec-1] c.g.a.controller.AuthController          : Processing login attempt for email: testuser@example.com
2025-07-05T10:22:05.837+05:30  INFO 12604 --- [auth-service] [http-nio-8081-exec-1] c.g.a.service.impl.AuthServiceImpl       : Attempting to authenticate user: testuser@example.com
2025-07-05T10:22:06.235+05:30 DEBUG 12604 --- [auth-service] [http-nio-8081-exec-1] o.s.s.a.dao.DaoAuthenticationProvider    : Authenticated user
2025-07-05T10:22:06.236+05:30  INFO 12604 --- [auth-service] [http-nio-8081-exec-1] c.g.a.service.impl.AuthServiceImpl       : User 'testuser@example.com' authenticated successfully.
2025-07-05T10:22:06.267+05:30  INFO 12604 --- [auth-service] [http-nio-8081-exec-1] c.g.a.controller.AuthController          : User with email testuser@example.com logged in successfully.
2025-07-05T10:23:19.576+05:30 DEBUG 12604 --- [auth-service] [http-nio-8081-exec-3] o.s.security.web.FilterChainProxy        : Securing GET /api/auth-service/logout
2025-07-05T10:23:19.578+05:30 DEBUG 12604 --- [auth-service] [http-nio-8081-exec-3] o.s.s.w.a.AnonymousAuthenticationFilter  : Set SecurityContextHolder to anonymous SecurityContext
2025-07-05T10:23:19.579+05:30 DEBUG 12604 --- [auth-service] [http-nio-8081-exec-3] o.s.security.web.FilterChainProxy        : Secured GET /api/auth-service/logout
2025-07-05T10:23:29.230+05:30 DEBUG 12604 --- [auth-service] [http-nio-8081-exec-4] o.s.security.web.FilterChainProxy        : Securing POST /api/auth-service/logout
2025-07-05T10:23:29.232+05:30 DEBUG 12604 --- [auth-service] [http-nio-8081-exec-4] o.s.s.w.a.AnonymousAuthenticationFilter  : Set SecurityContextHolder to anonymous SecurityContext
2025-07-05T10:23:29.234+05:30 DEBUG 12604 --- [auth-service] [http-nio-8081-exec-4] o.s.security.web.FilterChainProxy        : Secured POST /api/auth-service/logout
2025-07-05T10:23:29.235+05:30  INFO 12604 --- [auth-service] [http-nio-8081-exec-4] c.g.a.controller.AuthController          : Processing logout request.
2025-07-05T10:23:29.236+05:30  INFO 12604 --- [auth-service] [http-nio-8081-exec-4] c.g.a.controller.AuthController          : User logged out successfully.
2025-07-05T10:25:25.166+05:30 DEBUG 12604 --- [auth-service] [http-nio-8081-exec-6] o.s.security.web.FilterChainProxy        : Securing POST /api/auth-service/login
2025-07-05T10:25:25.167+05:30 DEBUG 12604 --- [auth-service] [http-nio-8081-exec-6] o.s.s.w.a.AnonymousAuthenticationFilter  : Set SecurityContextHolder to anonymous SecurityContext
2025-07-05T10:25:25.167+05:30 DEBUG 12604 --- [auth-service] [http-nio-8081-exec-6] o.s.security.web.FilterChainProxy        : Secured POST /api/auth-service/login
2025-07-05T10:25:25.169+05:30  INFO 12604 --- [auth-service] [http-nio-8081-exec-6] c.g.a.controller.AuthController          : Processing login attempt for email: testuser@example.com
2025-07-05T10:25:25.169+05:30  INFO 12604 --- [auth-service] [http-nio-8081-exec-6] c.g.a.service.impl.AuthServiceImpl       : Attempting to authenticate user: testuser@example.com
2025-07-05T10:25:25.302+05:30 DEBUG 12604 --- [auth-service] [http-nio-8081-exec-6] o.s.s.a.dao.DaoAuthenticationProvider    : Authenticated user
2025-07-05T10:25:25.302+05:30  INFO 12604 --- [auth-service] [http-nio-8081-exec-6] c.g.a.service.impl.AuthServiceImpl       : User 'testuser@example.com' authenticated successfully.
2025-07-05T10:25:25.305+05:30  INFO 12604 --- [auth-service] [http-nio-8081-exec-6] c.g.a.controller.AuthController          : User with email testuser@example.com logged in successfully.
2025-07-05T10:25:46.075+05:30 DEBUG 12604 --- [auth-service] [http-nio-8081-exec-7] o.s.security.web.FilterChainProxy        : Securing POST /api/auth-service/logout
2025-07-05T10:25:46.076+05:30 DEBUG 12604 --- [auth-service] [http-nio-8081-exec-7] o.s.s.w.a.AnonymousAuthenticationFilter  : Set SecurityContextHolder to anonymous SecurityContext
2025-07-05T10:25:46.076+05:30 DEBUG 12604 --- [auth-service] [http-nio-8081-exec-7] o.s.security.web.FilterChainProxy        : Secured POST /api/auth-service/logout
2025-07-05T10:25:46.077+05:30  INFO 12604 --- [auth-service] [http-nio-8081-exec-7] c.g.a.controller.AuthController          : Processing logout request.
2025-07-05T10:25:46.077+05:30  INFO 12604 --- [auth-service] [http-nio-8081-exec-7] c.g.a.controller.AuthController          : User logged out successfully.
2025-07-05T10:26:22.145+05:30  INFO 12604 --- [auth-service] [AsyncResolver-bootstrap-executor-%d] c.n.d.s.r.aws.ConfigClusterResolver      : Resolving eureka endpoints via configuration
2025-07-05T10:31:22.156+05:30  INFO 12604 --- [auth-service] [AsyncResolver-bootstrap-executor-%d] c.n.d.s.r.aws.ConfigClusterResolver      : Resolving eureka endpoints via configuration
2025-07-05T10:36:22.168+05:30  INFO 12604 --- [auth-service] [AsyncResolver-bootstrap-executor-%d] c.n.d.s.r.aws.ConfigClusterResolver      : Resolving eureka endpoints via configuration
2025-07-05T10:41:22.173+05:30  INFO 12604 --- [auth-service] [AsyncResolver-bootstrap-executor-%d] c.n.d.s.r.aws.ConfigClusterResolver      : Resolving eureka endpoints via configuration
2025-07-05T11:57:26.385+05:30 DEBUG 12604 --- [auth-service] [http-nio-8081-exec-9] o.s.security.web.FilterChainProxy        : Securing POST /api/auth-service/login
2025-07-05T11:57:26.387+05:30 DEBUG 12604 --- [auth-service] [http-nio-8081-exec-9] o.s.s.w.a.AnonymousAuthenticationFilter  : Set SecurityContextHolder to anonymous SecurityContext
2025-07-05T11:57:26.388+05:30 DEBUG 12604 --- [auth-service] [http-nio-8081-exec-9] o.s.security.web.FilterChainProxy        : Secured POST /api/auth-service/login
2025-07-05T11:57:26.391+05:30  INFO 12604 --- [auth-service] [http-nio-8081-exec-9] c.g.a.controller.AuthController          : Processing login attempt for email: testuser@example.com
2025-07-05T11:57:26.391+05:30  INFO 12604 --- [auth-service] [http-nio-8081-exec-9] c.g.a.service.impl.AuthServiceImpl       : Attempting to authenticate user: testuser@example.com
2025-07-05T11:57:26.580+05:30 DEBUG 12604 --- [auth-service] [http-nio-8081-exec-9] o.s.s.a.dao.DaoAuthenticationProvider    : Authenticated user
2025-07-05T11:57:26.580+05:30  INFO 12604 --- [auth-service] [http-nio-8081-exec-9] c.g.a.service.impl.AuthServiceImpl       : User 'testuser@example.com' authenticated successfully.
2025-07-05T11:57:26.583+05:30  INFO 12604 --- [auth-service] [http-nio-8081-exec-9] c.g.a.controller.AuthController          : User with email testuser@example.com logged in successfully.
2025-07-05T11:59:13.543+05:30 DEBUG 12604 --- [auth-service] [http-nio-8081-exec-1] o.s.security.web.FilterChainProxy        : Securing POST /api/auth-service/logout
2025-07-05T11:59:13.544+05:30 DEBUG 12604 --- [auth-service] [http-nio-8081-exec-1] o.s.s.w.a.AnonymousAuthenticationFilter  : Set SecurityContextHolder to anonymous SecurityContext
2025-07-05T11:59:13.544+05:30 DEBUG 12604 --- [auth-service] [http-nio-8081-exec-1] o.s.security.web.FilterChainProxy        : Secured POST /api/auth-service/logout
2025-07-05T11:59:13.545+05:30  INFO 12604 --- [auth-service] [http-nio-8081-exec-1] c.g.a.controller.AuthController          : Processing logout request.
2025-07-05T11:59:13.545+05:30  INFO 12604 --- [auth-service] [http-nio-8081-exec-1] c.g.a.controller.AuthController          : User logged out successfully.
2025-07-05T12:01:00.972+05:30  INFO 12604 --- [auth-service] [AsyncResolver-bootstrap-executor-%d] c.n.d.s.r.aws.ConfigClusterResolver      : Resolving eureka endpoints via configuration
2025-07-05T12:03:18.470+05:30  INFO 12604 --- [auth-service] [SpringApplicationShutdownHook] o.s.c.n.e.s.EurekaServiceRegistry        : Unregistering application AUTH-SERVICE with eureka with status DOWN
2025-07-05T12:03:18.471+05:30  INFO 12604 --- [auth-service] [SpringApplicationShutdownHook] com.netflix.discovery.DiscoveryClient    : Saw local status change event StatusChangeEvent [timestamp=1751697198471, current=DOWN, previous=UP]
2025-07-05T12:03:18.471+05:30  INFO 12604 --- [auth-service] [DiscoveryClient-InstanceInfoReplicator-%d] com.netflix.discovery.DiscoveryClient    : DiscoveryClient_AUTH-SERVICE/192.168.31.79:auth-service:8081: registering service...
2025-07-05T12:03:18.482+05:30  INFO 12604 --- [auth-service] [SpringApplicationShutdownHook] o.s.b.w.e.tomcat.GracefulShutdown        : Commencing graceful shutdown. Waiting for active requests to complete
2025-07-05T12:03:18.492+05:30  INFO 12604 --- [auth-service] [DiscoveryClient-InstanceInfoReplicator-%d] com.netflix.discovery.DiscoveryClient    : DiscoveryClient_AUTH-SERVICE/192.168.31.79:auth-service:8081 - registration status: 204
2025-07-05T12:03:18.622+05:30  INFO 12604 --- [auth-service] [tomcat-shutdown] o.s.b.w.e.tomcat.GracefulShutdown        : Graceful shutdown complete
2025-07-05T12:03:18.646+05:30  INFO 12604 --- [auth-service] [SpringApplicationShutdownHook] com.netflix.discovery.DiscoveryClient    : Shutting down DiscoveryClient ...
2025-07-05T12:03:21.648+05:30  INFO 12604 --- [auth-service] [SpringApplicationShutdownHook] com.netflix.discovery.DiscoveryClient    : Unregistering ...
2025-07-05T12:03:21.731+05:30  INFO 12604 --- [auth-service] [SpringApplicationShutdownHook] c.n.d.s.t.d.RedirectingEurekaHttpClient  : Request execution error. endpoint=DefaultEndpoint{ serviceUrl='http://localhost:8761/eureka/} exception=I/O error on DELETE request for "http://localhost:8761/eureka/apps/AUTH-SERVICE/192.168.31.79:auth-service:8081": Connect to http://localhost:8761 failed: Connection refused: no further information stacktrace=org.springframework.web.client.ResourceAccessException: I/O error on DELETE request for "http://localhost:8761/eureka/apps/AUTH-SERVICE/192.168.31.79:auth-service:8081": Connect to http://localhost:8761 failed: Connection refused: no further information
	at org.springframework.web.client.RestTemplate.createResourceAccessException(RestTemplate.java:926)
	at org.springframework.web.client.RestTemplate.doExecute(RestTemplate.java:906)
	at org.springframework.web.client.RestTemplate.execute(RestTemplate.java:841)
	at org.springframework.web.client.RestTemplate.exchange(RestTemplate.java:702)
	at org.springframework.cloud.netflix.eureka.http.RestTemplateEurekaHttpClient.cancel(RestTemplateEurekaHttpClient.java:100)
	at com.netflix.discovery.shared.transport.decorator.EurekaHttpClientDecorator$2.execute(EurekaHttpClientDecorator.java:74)
	at com.netflix.discovery.shared.transport.decorator.RedirectingEurekaHttpClient.execute(RedirectingEurekaHttpClient.java:91)
	at com.netflix.discovery.shared.transport.decorator.EurekaHttpClientDecorator.cancel(EurekaHttpClientDecorator.java:71)
	at com.netflix.discovery.shared.transport.decorator.EurekaHttpClientDecorator$2.execute(EurekaHttpClientDecorator.java:74)
	at com.netflix.discovery.shared.transport.decorator.RetryableEurekaHttpClient.execute(RetryableEurekaHttpClient.java:120)
	at com.netflix.discovery.shared.transport.decorator.EurekaHttpClientDecorator.cancel(EurekaHttpClientDecorator.java:71)
	at com.netflix.discovery.shared.transport.decorator.EurekaHttpClientDecorator$2.execute(EurekaHttpClientDecorator.java:74)
	at com.netflix.discovery.shared.transport.decorator.SessionedEurekaHttpClient.execute(SessionedEurekaHttpClient.java:76)
	at com.netflix.discovery.shared.transport.decorator.EurekaHttpClientDecorator.cancel(EurekaHttpClientDecorator.java:71)
	at com.netflix.discovery.DiscoveryClient.unregister(DiscoveryClient.java:919)
	at com.netflix.discovery.DiscoveryClient.shutdown(DiscoveryClient.java:900)
	at java.base/jdk.internal.reflect.NativeMethodAccessorImpl.invoke0(Native Method)
	at java.base/jdk.internal.reflect.NativeMethodAccessorImpl.invoke(NativeMethodAccessorImpl.java:77)
	at java.base/jdk.internal.reflect.DelegatingMethodAccessorImpl.invoke(DelegatingMethodAccessorImpl.java:43)
	at java.base/java.lang.reflect.Method.invoke(Method.java:568)
	at org.springframework.beans.factory.annotation.InitDestroyAnnotationBeanPostProcessor$LifecycleMethod.invoke(InitDestroyAnnotationBeanPostProcessor.java:457)
	at org.springframework.beans.factory.annotation.InitDestroyAnnotationBeanPostProcessor$LifecycleMetadata.invokeDestroyMethods(InitDestroyAnnotationBeanPostProcessor.java:415)
	at org.springframework.beans.factory.annotation.InitDestroyAnnotationBeanPostProcessor.postProcessBeforeDestruction(InitDestroyAnnotationBeanPostProcessor.java:239)
	at org.springframework.beans.factory.support.DisposableBeanAdapter.destroy(DisposableBeanAdapter.java:202)
	at org.springframework.beans.factory.support.DisposableBeanAdapter.run(DisposableBeanAdapter.java:195)
	at org.springframework.cloud.context.scope.GenericScope$BeanLifecycleWrapper.destroy(GenericScope.java:387)
	at org.springframework.cloud.context.scope.GenericScope.destroy(GenericScope.java:134)
	at org.springframework.beans.factory.support.DisposableBeanAdapter.destroy(DisposableBeanAdapter.java:211)
	at org.springframework.beans.factory.support.DefaultSingletonBeanRegistry.destroyBean(DefaultSingletonBeanRegistry.java:798)
	at org.springframework.beans.factory.support.DefaultSingletonBeanRegistry.destroySingleton(DefaultSingletonBeanRegistry.java:748)
	at org.springframework.beans.factory.support.DefaultListableBeanFactory.destroySingleton(DefaultListableBeanFactory.java:1474)
	at org.springframework.beans.factory.support.DefaultSingletonBeanRegistry.destroySingletons(DefaultSingletonBeanRegistry.java:707)
	at org.springframework.beans.factory.support.DefaultListableBeanFactory.destroySingletons(DefaultListableBeanFactory.java:1467)
	at org.springframework.context.support.AbstractApplicationContext.destroyBeans(AbstractApplicationContext.java:1219)
	at org.springframework.context.support.AbstractApplicationContext.doClose(AbstractApplicationContext.java:1180)
	at org.springframework.boot.web.servlet.context.ServletWebServerApplicationContext.doClose(ServletWebServerApplicationContext.java:179)
	at org.springframework.context.support.AbstractApplicationContext.close(AbstractApplicationContext.java:1126)
	at org.springframework.boot.SpringApplicationShutdownHook.closeAndWait(SpringApplicationShutdownHook.java:147)
	at java.base/java.lang.Iterable.forEach(Iterable.java:75)
	at org.springframework.boot.SpringApplicationShutdownHook.run(SpringApplicationShutdownHook.java:116)
	at java.base/java.lang.Thread.run(Thread.java:842)
Caused by: org.apache.hc.client5.http.HttpHostConnectException: Connect to http://localhost:8761 failed: Connection refused: no further information
	at java.base/sun.nio.ch.Net.pollConnect(Native Method)
	at java.base/sun.nio.ch.Net.pollConnectNow(Net.java:672)
	at java.base/sun.nio.ch.NioSocketImpl.timedFinishConnect(NioSocketImpl.java:547)
	at java.base/sun.nio.ch.NioSocketImpl.connect(NioSocketImpl.java:602)
	at java.base/java.net.SocksSocketImpl.connect(SocksSocketImpl.java:327)
	at java.base/java.net.Socket.connect(Socket.java:633)
	at org.apache.hc.client5.http.impl.io.DefaultHttpClientConnectionOperator.connect(DefaultHttpClientConnectionOperator.java:205)
	at org.apache.hc.client5.http.impl.io.PoolingHttpClientConnectionManager.connect(PoolingHttpClientConnectionManager.java:490)
	at org.apache.hc.client5.http.impl.classic.InternalExecRuntime.connectEndpoint(InternalExecRuntime.java:164)
	at org.apache.hc.client5.http.impl.classic.InternalExecRuntime.connectEndpoint(InternalExecRuntime.java:174)
	at org.apache.hc.client5.http.impl.classic.ConnectExec.execute(ConnectExec.java:144)
	at org.apache.hc.client5.http.impl.classic.ExecChainElement.execute(ExecChainElement.java:51)
	at org.apache.hc.client5.http.impl.classic.ProtocolExec.execute(ProtocolExec.java:195)
	at org.apache.hc.client5.http.impl.classic.ExecChainElement.execute(ExecChainElement.java:51)
	at org.apache.hc.client5.http.impl.classic.ContentCompressionExec.execute(ContentCompressionExec.java:150)
	at org.apache.hc.client5.http.impl.classic.ExecChainElement.execute(ExecChainElement.java:51)
	at org.apache.hc.client5.http.impl.classic.HttpRequestRetryExec.execute(HttpRequestRetryExec.java:113)
	at org.apache.hc.client5.http.impl.classic.ExecChainElement.execute(ExecChainElement.java:51)
	at org.apache.hc.client5.http.impl.classic.RedirectExec.execute(RedirectExec.java:110)
	at org.apache.hc.client5.http.impl.classic.ExecChainElement.execute(ExecChainElement.java:51)
	at org.apache.hc.client5.http.impl.classic.InternalHttpClient.doExecute(InternalHttpClient.java:185)
	at org.apache.hc.client5.http.impl.classic.CloseableHttpClient.execute(CloseableHttpClient.java:87)
	at org.apache.hc.client5.http.impl.classic.CloseableHttpClient.execute(CloseableHttpClient.java:55)
	at org.apache.hc.client5.http.classic.HttpClient.executeOpen(HttpClient.java:183)
	at org.springframework.http.client.HttpComponentsClientHttpRequest.executeInternal(HttpComponentsClientHttpRequest.java:99)
	at org.springframework.http.client.AbstractStreamingClientHttpRequest.executeInternal(AbstractStreamingClientHttpRequest.java:71)
	at org.springframework.http.client.AbstractClientHttpRequest.execute(AbstractClientHttpRequest.java:81)
	at org.springframework.http.client.InterceptingClientHttpRequest$InterceptingRequestExecution.execute(InterceptingClientHttpRequest.java:117)
	at org.springframework.cloud.netflix.eureka.http.RestTemplateTransportClientFactory.lambda$restTemplate$2(RestTemplateTransportClientFactory.java:145)
	at org.springframework.http.client.InterceptingClientHttpRequest$InterceptingRequestExecution.execute(InterceptingClientHttpRequest.java:88)
	at org.springframework.http.client.InterceptingClientHttpRequest.executeInternal(InterceptingClientHttpRequest.java:72)
	at org.springframework.http.client.AbstractBufferingClientHttpRequest.executeInternal(AbstractBufferingClientHttpRequest.java:48)
	at org.springframework.http.client.AbstractClientHttpRequest.execute(AbstractClientHttpRequest.java:81)
	at org.springframework.web.client.RestTemplate.doExecute(RestTemplate.java:900)
	... 39 more

2025-07-05T12:03:21.731+05:30  WARN 12604 --- [auth-service] [SpringApplicationShutdownHook] c.n.d.s.t.d.RetryableEurekaHttpClient    : Request execution failed with message: I/O error on DELETE request for "http://localhost:8761/eureka/apps/AUTH-SERVICE/192.168.31.79:auth-service:8081": Connect to http://localhost:8761 failed: Connection refused: no further information
2025-07-05T12:03:21.772+05:30  INFO 12604 --- [auth-service] [SpringApplicationShutdownHook] c.n.d.s.t.d.RedirectingEurekaHttpClient  : Request execution error. endpoint=DefaultEndpoint{ serviceUrl='http://localhost:8761/eureka/}, exception=I/O error on DELETE request for "http://localhost:8761/eureka/apps/AUTH-SERVICE/192.168.31.79:auth-service:8081": Connect to http://localhost:8761 failed: Connection refused: no further information stacktrace=org.springframework.web.client.ResourceAccessException: I/O error on DELETE request for "http://localhost:8761/eureka/apps/AUTH-SERVICE/192.168.31.79:auth-service:8081": Connect to http://localhost:8761 failed: Connection refused: no further information
	at org.springframework.web.client.RestTemplate.createResourceAccessException(RestTemplate.java:926)
	at org.springframework.web.client.RestTemplate.doExecute(RestTemplate.java:906)
	at org.springframework.web.client.RestTemplate.execute(RestTemplate.java:841)
	at org.springframework.web.client.RestTemplate.exchange(RestTemplate.java:702)
	at org.springframework.cloud.netflix.eureka.http.RestTemplateEurekaHttpClient.cancel(RestTemplateEurekaHttpClient.java:100)
	at com.netflix.discovery.shared.transport.decorator.EurekaHttpClientDecorator$2.execute(EurekaHttpClientDecorator.java:74)
	at com.netflix.discovery.shared.transport.decorator.RedirectingEurekaHttpClient.executeOnNewServer(RedirectingEurekaHttpClient.java:121)
	at com.netflix.discovery.shared.transport.decorator.RedirectingEurekaHttpClient.execute(RedirectingEurekaHttpClient.java:80)
	at com.netflix.discovery.shared.transport.decorator.EurekaHttpClientDecorator.cancel(EurekaHttpClientDecorator.java:71)
	at com.netflix.discovery.shared.transport.decorator.EurekaHttpClientDecorator$2.execute(EurekaHttpClientDecorator.java:74)
	at com.netflix.discovery.shared.transport.decorator.RetryableEurekaHttpClient.execute(RetryableEurekaHttpClient.java:120)
	at com.netflix.discovery.shared.transport.decorator.EurekaHttpClientDecorator.cancel(EurekaHttpClientDecorator.java:71)
	at com.netflix.discovery.shared.transport.decorator.EurekaHttpClientDecorator$2.execute(EurekaHttpClientDecorator.java:74)
	at com.netflix.discovery.shared.transport.decorator.SessionedEurekaHttpClient.execute(SessionedEurekaHttpClient.java:76)
	at com.netflix.discovery.shared.transport.decorator.EurekaHttpClientDecorator.cancel(EurekaHttpClientDecorator.java:71)
	at com.netflix.discovery.DiscoveryClient.unregister(DiscoveryClient.java:919)
	at com.netflix.discovery.DiscoveryClient.shutdown(DiscoveryClient.java:900)
	at java.base/jdk.internal.reflect.NativeMethodAccessorImpl.invoke0(Native Method)
	at java.base/jdk.internal.reflect.NativeMethodAccessorImpl.invoke(NativeMethodAccessorImpl.java:77)
	at java.base/jdk.internal.reflect.DelegatingMethodAccessorImpl.invoke(DelegatingMethodAccessorImpl.java:43)
	at java.base/java.lang.reflect.Method.invoke(Method.java:568)
	at org.springframework.beans.factory.annotation.InitDestroyAnnotationBeanPostProcessor$LifecycleMethod.invoke(InitDestroyAnnotationBeanPostProcessor.java:457)
	at org.springframework.beans.factory.annotation.InitDestroyAnnotationBeanPostProcessor$LifecycleMetadata.invokeDestroyMethods(InitDestroyAnnotationBeanPostProcessor.java:415)
	at org.springframework.beans.factory.annotation.InitDestroyAnnotationBeanPostProcessor.postProcessBeforeDestruction(InitDestroyAnnotationBeanPostProcessor.java:239)
	at org.springframework.beans.factory.support.DisposableBeanAdapter.destroy(DisposableBeanAdapter.java:202)
	at org.springframework.beans.factory.support.DisposableBeanAdapter.run(DisposableBeanAdapter.java:195)
	at org.springframework.cloud.context.scope.GenericScope$BeanLifecycleWrapper.destroy(GenericScope.java:387)
	at org.springframework.cloud.context.scope.GenericScope.destroy(GenericScope.java:134)
	at org.springframework.beans.factory.support.DisposableBeanAdapter.destroy(DisposableBeanAdapter.java:211)
	at org.springframework.beans.factory.support.DefaultSingletonBeanRegistry.destroyBean(DefaultSingletonBeanRegistry.java:798)
	at org.springframework.beans.factory.support.DefaultSingletonBeanRegistry.destroySingleton(DefaultSingletonBeanRegistry.java:748)
	at org.springframework.beans.factory.support.DefaultListableBeanFactory.destroySingleton(DefaultListableBeanFactory.java:1474)
	at org.springframework.beans.factory.support.DefaultSingletonBeanRegistry.destroySingletons(DefaultSingletonBeanRegistry.java:707)
	at org.springframework.beans.factory.support.DefaultListableBeanFactory.destroySingletons(DefaultListableBeanFactory.java:1467)
	at org.springframework.context.support.AbstractApplicationContext.destroyBeans(AbstractApplicationContext.java:1219)
	at org.springframework.context.support.AbstractApplicationContext.doClose(AbstractApplicationContext.java:1180)
	at org.springframework.boot.web.servlet.context.ServletWebServerApplicationContext.doClose(ServletWebServerApplicationContext.java:179)
	at org.springframework.context.support.AbstractApplicationContext.close(AbstractApplicationContext.java:1126)
	at org.springframework.boot.SpringApplicationShutdownHook.closeAndWait(SpringApplicationShutdownHook.java:147)
	at java.base/java.lang.Iterable.forEach(Iterable.java:75)
	at org.springframework.boot.SpringApplicationShutdownHook.run(SpringApplicationShutdownHook.java:116)
	at java.base/java.lang.Thread.run(Thread.java:842)
Caused by: org.apache.hc.client5.http.HttpHostConnectException: Connect to http://localhost:8761 failed: Connection refused: no further information
	at java.base/sun.nio.ch.Net.pollConnect(Native Method)
	at java.base/sun.nio.ch.Net.pollConnectNow(Net.java:672)
	at java.base/sun.nio.ch.NioSocketImpl.timedFinishConnect(NioSocketImpl.java:547)
	at java.base/sun.nio.ch.NioSocketImpl.connect(NioSocketImpl.java:602)
	at java.base/java.net.SocksSocketImpl.connect(SocksSocketImpl.java:327)
	at java.base/java.net.Socket.connect(Socket.java:633)
	at org.apache.hc.client5.http.impl.io.DefaultHttpClientConnectionOperator.connect(DefaultHttpClientConnectionOperator.java:205)
	at org.apache.hc.client5.http.impl.io.PoolingHttpClientConnectionManager.connect(PoolingHttpClientConnectionManager.java:490)
	at org.apache.hc.client5.http.impl.classic.InternalExecRuntime.connectEndpoint(InternalExecRuntime.java:164)
	at org.apache.hc.client5.http.impl.classic.InternalExecRuntime.connectEndpoint(InternalExecRuntime.java:174)
	at org.apache.hc.client5.http.impl.classic.ConnectExec.execute(ConnectExec.java:144)
	at org.apache.hc.client5.http.impl.classic.ExecChainElement.execute(ExecChainElement.java:51)
	at org.apache.hc.client5.http.impl.classic.ProtocolExec.execute(ProtocolExec.java:195)
	at org.apache.hc.client5.http.impl.classic.ExecChainElement.execute(ExecChainElement.java:51)
	at org.apache.hc.client5.http.impl.classic.ContentCompressionExec.execute(ContentCompressionExec.java:150)
	at org.apache.hc.client5.http.impl.classic.ExecChainElement.execute(ExecChainElement.java:51)
	at org.apache.hc.client5.http.impl.classic.HttpRequestRetryExec.execute(HttpRequestRetryExec.java:113)
	at org.apache.hc.client5.http.impl.classic.ExecChainElement.execute(ExecChainElement.java:51)
	at org.apache.hc.client5.http.impl.classic.RedirectExec.execute(RedirectExec.java:110)
	at org.apache.hc.client5.http.impl.classic.ExecChainElement.execute(ExecChainElement.java:51)
	at org.apache.hc.client5.http.impl.classic.InternalHttpClient.doExecute(InternalHttpClient.java:185)
	at org.apache.hc.client5.http.impl.classic.CloseableHttpClient.execute(CloseableHttpClient.java:87)
	at org.apache.hc.client5.http.impl.classic.CloseableHttpClient.execute(CloseableHttpClient.java:55)
	at org.apache.hc.client5.http.classic.HttpClient.executeOpen(HttpClient.java:183)
	at org.springframework.http.client.HttpComponentsClientHttpRequest.executeInternal(HttpComponentsClientHttpRequest.java:99)
	at org.springframework.http.client.AbstractStreamingClientHttpRequest.executeInternal(AbstractStreamingClientHttpRequest.java:71)
	at org.springframework.http.client.AbstractClientHttpRequest.execute(AbstractClientHttpRequest.java:81)
	at org.springframework.http.client.InterceptingClientHttpRequest$InterceptingRequestExecution.execute(InterceptingClientHttpRequest.java:117)
	at org.springframework.cloud.netflix.eureka.http.RestTemplateTransportClientFactory.lambda$restTemplate$2(RestTemplateTransportClientFactory.java:145)
	at org.springframework.http.client.InterceptingClientHttpRequest$InterceptingRequestExecution.execute(InterceptingClientHttpRequest.java:88)
	at org.springframework.http.client.InterceptingClientHttpRequest.executeInternal(InterceptingClientHttpRequest.java:72)
	at org.springframework.http.client.AbstractBufferingClientHttpRequest.executeInternal(AbstractBufferingClientHttpRequest.java:48)
	at org.springframework.http.client.AbstractClientHttpRequest.execute(AbstractClientHttpRequest.java:81)
	at org.springframework.web.client.RestTemplate.doExecute(RestTemplate.java:900)
	... 40 more

2025-07-05T12:03:21.772+05:30  WARN 12604 --- [auth-service] [SpringApplicationShutdownHook] c.n.d.s.t.d.RetryableEurekaHttpClient    : Request execution failed with message: I/O error on DELETE request for "http://localhost:8761/eureka/apps/AUTH-SERVICE/192.168.31.79:auth-service:8081": Connect to http://localhost:8761 failed: Connection refused: no further information
2025-07-05T12:03:21.772+05:30 ERROR 12604 --- [auth-service] [SpringApplicationShutdownHook] com.netflix.discovery.DiscoveryClient    : DiscoveryClient_AUTH-SERVICE/192.168.31.79:auth-service:8081 - de-registration failedCannot execute request on any known server

com.netflix.discovery.shared.transport.TransportException: Cannot execute request on any known server
	at com.netflix.discovery.shared.transport.decorator.RetryableEurekaHttpClient.execute(RetryableEurekaHttpClient.java:112) ~[eureka-client-2.0.4.jar:2.0.4]
	at com.netflix.discovery.shared.transport.decorator.EurekaHttpClientDecorator.cancel(EurekaHttpClientDecorator.java:71) ~[eureka-client-2.0.4.jar:2.0.4]
	at com.netflix.discovery.shared.transport.decorator.EurekaHttpClientDecorator$2.execute(EurekaHttpClientDecorator.java:74) ~[eureka-client-2.0.4.jar:2.0.4]
	at com.netflix.discovery.shared.transport.decorator.SessionedEurekaHttpClient.execute(SessionedEurekaHttpClient.java:76) ~[eureka-client-2.0.4.jar:2.0.4]
	at com.netflix.discovery.shared.transport.decorator.EurekaHttpClientDecorator.cancel(EurekaHttpClientDecorator.java:71) ~[eureka-client-2.0.4.jar:2.0.4]
	at com.netflix.discovery.DiscoveryClient.unregister(DiscoveryClient.java:919) ~[eureka-client-2.0.4.jar:2.0.4]
	at com.netflix.discovery.DiscoveryClient.shutdown(DiscoveryClient.java:900) ~[eureka-client-2.0.4.jar:2.0.4]
	at java.base/jdk.internal.reflect.NativeMethodAccessorImpl.invoke0(Native Method) ~[na:na]
	at java.base/jdk.internal.reflect.NativeMethodAccessorImpl.invoke(NativeMethodAccessorImpl.java:77) ~[na:na]
	at java.base/jdk.internal.reflect.DelegatingMethodAccessorImpl.invoke(DelegatingMethodAccessorImpl.java:43) ~[na:na]
	at java.base/java.lang.reflect.Method.invoke(Method.java:568) ~[na:na]
	at org.springframework.beans.factory.annotation.InitDestroyAnnotationBeanPostProcessor$LifecycleMethod.invoke(InitDestroyAnnotationBeanPostProcessor.java:457) ~[spring-beans-6.2.8.jar:6.2.8]
	at org.springframework.beans.factory.annotation.InitDestroyAnnotationBeanPostProcessor$LifecycleMetadata.invokeDestroyMethods(InitDestroyAnnotationBeanPostProcessor.java:415) ~[spring-beans-6.2.8.jar:6.2.8]
	at org.springframework.beans.factory.annotation.InitDestroyAnnotationBeanPostProcessor.postProcessBeforeDestruction(InitDestroyAnnotationBeanPostProcessor.java:239) ~[spring-beans-6.2.8.jar:6.2.8]
	at org.springframework.beans.factory.support.DisposableBeanAdapter.destroy(DisposableBeanAdapter.java:202) ~[spring-beans-6.2.8.jar:6.2.8]
	at org.springframework.beans.factory.support.DisposableBeanAdapter.run(DisposableBeanAdapter.java:195) ~[spring-beans-6.2.8.jar:6.2.8]
	at org.springframework.cloud.context.scope.GenericScope$BeanLifecycleWrapper.destroy(GenericScope.java:387) ~[spring-cloud-context-4.3.0.jar:4.3.0]
	at org.springframework.cloud.context.scope.GenericScope.destroy(GenericScope.java:134) ~[spring-cloud-context-4.3.0.jar:4.3.0]
	at org.springframework.beans.factory.support.DisposableBeanAdapter.destroy(DisposableBeanAdapter.java:211) ~[spring-beans-6.2.8.jar:6.2.8]
	at org.springframework.beans.factory.support.DefaultSingletonBeanRegistry.destroyBean(DefaultSingletonBeanRegistry.java:798) ~[spring-beans-6.2.8.jar:6.2.8]
	at org.springframework.beans.factory.support.DefaultSingletonBeanRegistry.destroySingleton(DefaultSingletonBeanRegistry.java:748) ~[spring-beans-6.2.8.jar:6.2.8]
	at org.springframework.beans.factory.support.DefaultListableBeanFactory.destroySingleton(DefaultListableBeanFactory.java:1474) ~[spring-beans-6.2.8.jar:6.2.8]
	at org.springframework.beans.factory.support.DefaultSingletonBeanRegistry.destroySingletons(DefaultSingletonBeanRegistry.java:707) ~[spring-beans-6.2.8.jar:6.2.8]
	at org.springframework.beans.factory.support.DefaultListableBeanFactory.destroySingletons(DefaultListableBeanFactory.java:1467) ~[spring-beans-6.2.8.jar:6.2.8]
	at org.springframework.context.support.AbstractApplicationContext.destroyBeans(AbstractApplicationContext.java:1219) ~[spring-context-6.2.8.jar:6.2.8]
	at org.springframework.context.support.AbstractApplicationContext.doClose(AbstractApplicationContext.java:1180) ~[spring-context-6.2.8.jar:6.2.8]
	at org.springframework.boot.web.servlet.context.ServletWebServerApplicationContext.doClose(ServletWebServerApplicationContext.java:179) ~[spring-boot-3.5.3.jar:3.5.3]
	at org.springframework.context.support.AbstractApplicationContext.close(AbstractApplicationContext.java:1126) ~[spring-context-6.2.8.jar:6.2.8]
	at org.springframework.boot.SpringApplicationShutdownHook.closeAndWait(SpringApplicationShutdownHook.java:147) ~[spring-boot-3.5.3.jar:3.5.3]
	at java.base/java.lang.Iterable.forEach(Iterable.java:75) ~[na:na]
	at org.springframework.boot.SpringApplicationShutdownHook.run(SpringApplicationShutdownHook.java:116) ~[spring-boot-3.5.3.jar:3.5.3]
	at java.base/java.lang.Thread.run(Thread.java:842) ~[na:na]

2025-07-05T12:03:21.775+05:30  INFO 12604 --- [auth-service] [SpringApplicationShutdownHook] com.netflix.discovery.DiscoveryClient    : Completed shut down of DiscoveryClient
2025-07-05T12:07:33.432+05:30  INFO 8364 --- [auth-service] [main] c.g.authservice.AuthServiceApplication   : Starting AuthServiceApplication using Java 17.0.12 with PID 8364 (D:\Grambasket\grambasket\auth-service\target\classes started by Admin in D:\Grambasket\grambasket)
2025-07-05T12:07:33.440+05:30 DEBUG 8364 --- [auth-service] [main] c.g.authservice.AuthServiceApplication   : Running with Spring Boot v3.5.3, Spring v6.2.8
2025-07-05T12:07:33.442+05:30  INFO 8364 --- [auth-service] [main] c.g.authservice.AuthServiceApplication   : No active profile set, falling back to 1 default profile: "default"
2025-07-05T12:07:36.775+05:30  INFO 8364 --- [auth-service] [main] .s.d.r.c.RepositoryConfigurationDelegate : Bootstrapping Spring Data MongoDB repositories in DEFAULT mode.
2025-07-05T12:07:37.211+05:30  INFO 8364 --- [auth-service] [main] .s.d.r.c.RepositoryConfigurationDelegate : Finished Spring Data repository scanning in 412 ms. Found 1 MongoDB repository interface.
2025-07-05T12:07:38.194+05:30  INFO 8364 --- [auth-service] [main] o.s.cloud.context.scope.GenericScope     : BeanFactory id=b89e6a6f-6b7f-32f9-b8e2-78b8647a9928
2025-07-05T12:07:38.941+05:30  INFO 8364 --- [auth-service] [main] o.s.b.w.embedded.tomcat.TomcatWebServer  : Tomcat initialized with port 8081 (http)
2025-07-05T12:07:38.987+05:30  INFO 8364 --- [auth-service] [main] o.apache.catalina.core.StandardService   : Starting service [Tomcat]
2025-07-05T12:07:38.989+05:30  INFO 8364 --- [auth-service] [main] o.apache.catalina.core.StandardEngine    : Starting Servlet engine: [Apache Tomcat/10.1.42]
2025-07-05T12:07:39.188+05:30  INFO 8364 --- [auth-service] [main] o.a.c.c.C.[Tomcat].[localhost].[/]       : Initializing Spring embedded WebApplicationContext
2025-07-05T12:07:39.190+05:30  INFO 8364 --- [auth-service] [main] w.s.c.ServletWebServerApplicationContext : Root WebApplicationContext: initialization completed in 5630 ms
2025-07-05T12:07:39.949+05:30  INFO 8364 --- [auth-service] [main] c.g.authservice.security.JwtService      : JWT signing key initialized for use with HS512 algorithm.
2025-07-05T12:07:40.842+05:30  INFO 8364 --- [auth-service] [main] org.mongodb.driver.client                : MongoClient with metadata {"driver": {"name": "mongo-java-driver|sync|spring-boot", "version": "5.5.1"}, "os": {"type": "Windows", "name": "Windows 11", "architecture": "amd64", "version": "10.0"}, "platform": "Java/Oracle Corporation/17.0.12+8-LTS-286"} created with settings MongoClientSettings{readPreference=primary, writeConcern=WriteConcern{w=null, wTimeout=null ms, journal=null}, retryWrites=true, retryReads=true, readConcern=ReadConcern{level=null}, credential=null, transportSettings=null, commandListeners=[io.micrometer.core.instrument.binder.mongodb.MongoMetricsCommandListener@69bc4024], codecRegistry=ProvidersCodecRegistry{codecProviders=[ValueCodecProvider{}, BsonValueCodecProvider{}, DBRefCodecProvider{}, DBObjectCodecProvider{}, DocumentCodecProvider{}, CollectionCodecProvider{}, IterableCodecProvider{}, MapCodecProvider{}, GeoJsonCodecProvider{}, GridFSFileCodecProvider{}, Jsr310CodecProvider{}, JsonObjectCodecProvider{}, BsonCodecProvider{}, EnumCodecProvider{}, com.mongodb.client.model.mql.ExpressionCodecProvider@3578a45b, com.mongodb.Jep395RecordCodecProvider@24f177f5, com.mongodb.KotlinCodecProvider@65e05005]}, loggerSettings=LoggerSettings{maxDocumentLength=1000}, clusterSettings={hosts=[localhost:27017], srvServiceName=mongodb, mode=SINGLE, requiredClusterType=UNKNOWN, requiredReplicaSetName='null', serverSelector='null', clusterListeners='[]', serverSelectionTimeout='30000 ms', localThreshold='15 ms'}, socketSettings=SocketSettings{connectTimeoutMS=10000, readTimeoutMS=0, receiveBufferSize=0, proxySettings=ProxySettings{host=null, port=null, username=null, password=null}}, heartbeatSocketSettings=SocketSettings{connectTimeoutMS=10000, readTimeoutMS=10000, receiveBufferSize=0, proxySettings=ProxySettings{host=null, port=null, username=null, password=null}}, connectionPoolSettings=ConnectionPoolSettings{maxSize=100, minSize=0, maxWaitTimeMS=120000, maxConnectionLifeTimeMS=0, maxConnectionIdleTimeMS=0, maintenanceInitialDelayMS=0, maintenanceFrequencyMS=60000, connectionPoolListeners=[io.micrometer.core.instrument.binder.mongodb.MongoMetricsConnectionPoolListener@6ed691fd], maxConnecting=2}, serverSettings=ServerSettings{heartbeatFrequencyMS=10000, minHeartbeatFrequencyMS=500, serverMonitoringMode=AUTO, serverListeners='[]', serverMonitorListeners='[]'}, sslSettings=SslSettings{enabled=false, invalidHostNameAllowed=false, context=null}, applicationName='null', compressorList=[], uuidRepresentation=JAVA_LEGACY, serverApi=null, autoEncryptionSettings=null, dnsClient=null, inetAddressResolver=null, contextProvider=null, timeoutMS=null}
2025-07-05T12:07:40.887+05:30  INFO 8364 --- [auth-service] [cluster-ClusterId{value='6868c83425927f50b72bf5ca', description='null'}-localhost:27017] org.mongodb.driver.cluster               : Monitor thread successfully connected to server with description ServerDescription{address=localhost:27017, type=STANDALONE, cryptd=false, state=CONNECTED, ok=true, minWireVersion=0, maxWireVersion=25, maxDocumentSize=16777216, logicalSessionTimeoutMinutes=30, roundTripTimeNanos=54621800, minRoundTripTimeNanos=0}
2025-07-05T12:07:42.304+05:30 DEBUG 8364 --- [auth-service] [main] c.g.a.security.JwtAuthenticationFilter   : Filter 'jwtAuthenticationFilter' configured for use
2025-07-05T12:07:42.954+05:30  INFO 8364 --- [auth-service] [main] eAuthenticationProviderManagerConfigurer : Global AuthenticationManager configured with AuthenticationProvider bean with name authenticationProvider
2025-07-05T12:07:42.956+05:30  WARN 8364 --- [auth-service] [main] r$InitializeUserDetailsManagerConfigurer : Global AuthenticationManager configured with an AuthenticationProvider bean. UserDetailsService beans will not be used by Spring Security for automatically configuring username/password login. Consider removing the AuthenticationProvider bean. Alternatively, consider using the UserDetailsService in a manually instantiated DaoAuthenticationProvider. If the current configuration is intentional, to turn off this warning, increase the logging level of 'org.springframework.security.config.annotation.authentication.configuration.InitializeUserDetailsBeanManagerConfigurer' to ERROR
2025-07-05T12:07:43.260+05:30  INFO 8364 --- [auth-service] [main] o.s.c.openfeign.FeignClientFactoryBean   : For 'user-service' URL not provided. Will try picking an instance via load-balancing.
2025-07-05T12:07:45.021+05:30  INFO 8364 --- [auth-service] [main] o.s.b.a.e.web.EndpointLinksResolver      : Exposing 2 endpoints beneath base path '/actuator'
2025-07-05T12:07:45.352+05:30  INFO 8364 --- [auth-service] [main] c.g.authservice.security.SecurityConfig  : Configuring Security Filter Chain for auth-service.
2025-07-05T12:07:45.354+05:30 DEBUG 8364 --- [auth-service] [main] c.g.authservice.security.SecurityConfig  : Configuring CORS to allow all origins, methods, and headers.
2025-07-05T12:07:45.372+05:30 DEBUG 8364 --- [auth-service] [main] c.g.authservice.security.SecurityConfig  : Configuring authorization rules: Permitting public access to auth endpoints.
2025-07-05T12:07:45.411+05:30 DEBUG 8364 --- [auth-service] [main] c.g.authservice.security.SecurityConfig  : Setting session management policy to STATELESS.
2025-07-05T12:07:45.412+05:30  INFO 8364 --- [auth-service] [main] c.g.authservice.security.SecurityConfig  : Security Filter Chain for auth-service configured successfully.
2025-07-05T12:07:45.507+05:30 DEBUG 8364 --- [auth-service] [main] o.s.s.web.DefaultSecurityFilterChain     : Will secure any request with filters: DisableEncodeUrlFilter, WebAsyncManagerIntegrationFilter, SecurityContextHolderFilter, HeaderWriterFilter, CorsFilter, LogoutFilter, JwtAuthenticationFilter, RequestCacheAwareFilter, SecurityContextHolderAwareRequestFilter, AnonymousAuthenticationFilter, SessionManagementFilter, ExceptionTranslationFilter, AuthorizationFilter
2025-07-05T12:07:47.289+05:30  INFO 8364 --- [auth-service] [main] DiscoveryClientOptionalArgsConfiguration : Eureka HTTP Client uses RestTemplate.
2025-07-05T12:07:47.446+05:30  WARN 8364 --- [auth-service] [main] iguration$LoadBalancerCaffeineWarnLogger : Spring Cloud LoadBalancer is currently working with the default cache. While this cache implementation is useful for development and tests, it's recommended to use Caffeine cache in production.You can switch to using Caffeine cache, by adding it and org.springframework.cache.caffeine.CaffeineCacheManager to the classpath.
2025-07-05T12:07:47.724+05:30  INFO 8364 --- [auth-service] [main] o.s.c.n.eureka.InstanceInfoFactory       : Setting initial instance status as: STARTING
2025-07-05T12:07:47.823+05:30  INFO 8364 --- [auth-service] [main] com.netflix.discovery.DiscoveryClient    : Initializing Eureka in region us-east-1
2025-07-05T12:07:47.854+05:30  INFO 8364 --- [auth-service] [main] c.n.d.s.r.aws.ConfigClusterResolver      : Resolving eureka endpoints via configuration
2025-07-05T12:07:47.884+05:30  INFO 8364 --- [auth-service] [main] com.netflix.discovery.DiscoveryClient    : Disable delta property : false
2025-07-05T12:07:47.884+05:30  INFO 8364 --- [auth-service] [main] com.netflix.discovery.DiscoveryClient    : Single vip registry refresh property : null
2025-07-05T12:07:47.885+05:30  INFO 8364 --- [auth-service] [main] com.netflix.discovery.DiscoveryClient    : Force full registry fetch : false
2025-07-05T12:07:47.886+05:30  INFO 8364 --- [auth-service] [main] com.netflix.discovery.DiscoveryClient    : Application is null : false
2025-07-05T12:07:47.887+05:30  INFO 8364 --- [auth-service] [main] com.netflix.discovery.DiscoveryClient    : Registered Applications size is zero : true
2025-07-05T12:07:47.887+05:30  INFO 8364 --- [auth-service] [main] com.netflix.discovery.DiscoveryClient    : Application version is -1: true
2025-07-05T12:07:47.888+05:30  INFO 8364 --- [auth-service] [main] com.netflix.discovery.DiscoveryClient    : Getting all instance registry info from the eureka server
2025-07-05T12:07:49.687+05:30  INFO 8364 --- [auth-service] [main] com.netflix.discovery.DiscoveryClient    : The response status is 200
2025-07-05T12:07:49.691+05:30  INFO 8364 --- [auth-service] [main] com.netflix.discovery.DiscoveryClient    : Starting heartbeat executor: renew interval is: 30
2025-07-05T12:07:49.698+05:30  INFO 8364 --- [auth-service] [main] c.n.discovery.InstanceInfoReplicator     : InstanceInfoReplicator onDemand update allowed rate per min is 4
2025-07-05T12:07:49.703+05:30  INFO 8364 --- [auth-service] [main] com.netflix.discovery.DiscoveryClient    : Discovery Client initialized at timestamp 1751697469701 with initial instances count: 0
2025-07-05T12:07:49.718+05:30  INFO 8364 --- [auth-service] [main] o.s.c.n.e.s.EurekaServiceRegistry        : Registering application AUTH-SERVICE with eureka with status UP
2025-07-05T12:07:49.720+05:30  INFO 8364 --- [auth-service] [main] com.netflix.discovery.DiscoveryClient    : Saw local status change event StatusChangeEvent [timestamp=1751697469720, current=UP, previous=STARTING]
2025-07-05T12:07:49.724+05:30  INFO 8364 --- [auth-service] [DiscoveryClient-InstanceInfoReplicator-%d] com.netflix.discovery.DiscoveryClient    : DiscoveryClient_AUTH-SERVICE/192.168.31.79:auth-service:8081: registering service...
2025-07-05T12:07:49.816+05:30  INFO 8364 --- [auth-service] [main] o.s.b.w.embedded.tomcat.TomcatWebServer  : Tomcat started on port 8081 (http) with context path '/'
2025-07-05T12:07:49.820+05:30  INFO 8364 --- [auth-service] [main] .s.c.n.e.s.EurekaAutoServiceRegistration : Updating port to 8081
2025-07-05T12:07:50.083+05:30  INFO 8364 --- [auth-service] [DiscoveryClient-InstanceInfoReplicator-%d] com.netflix.discovery.DiscoveryClient    : DiscoveryClient_AUTH-SERVICE/192.168.31.79:auth-service:8081 - registration status: 204
2025-07-05T12:07:50.199+05:30  INFO 8364 --- [auth-service] [main] c.g.authservice.AuthServiceApplication   : Started AuthServiceApplication in 18.839 seconds (process running for 21.141)
2025-07-05T12:07:51.393+05:30  INFO 8364 --- [auth-service] [RMI TCP Connection(3)-192.168.31.79] o.a.c.c.C.[Tomcat].[localhost].[/]       : Initializing Spring DispatcherServlet 'dispatcherServlet'
2025-07-05T12:07:51.394+05:30  INFO 8364 --- [auth-service] [RMI TCP Connection(3)-192.168.31.79] o.s.web.servlet.DispatcherServlet        : Initializing Servlet 'dispatcherServlet'
2025-07-05T12:07:51.402+05:30  INFO 8364 --- [auth-service] [RMI TCP Connection(3)-192.168.31.79] o.s.web.servlet.DispatcherServlet        : Completed initialization in 7 ms
2025-07-05T12:08:19.698+05:30  INFO 8364 --- [auth-service] [DiscoveryClient-CacheRefreshExecutor-%d] com.netflix.discovery.DiscoveryClient    : Disable delta property : false
2025-07-05T12:08:19.699+05:30  INFO 8364 --- [auth-service] [DiscoveryClient-CacheRefreshExecutor-%d] com.netflix.discovery.DiscoveryClient    : Single vip registry refresh property : null
2025-07-05T12:08:19.699+05:30  INFO 8364 --- [auth-service] [DiscoveryClient-CacheRefreshExecutor-%d] com.netflix.discovery.DiscoveryClient    : Force full registry fetch : false
2025-07-05T12:08:19.699+05:30  INFO 8364 --- [auth-service] [DiscoveryClient-CacheRefreshExecutor-%d] com.netflix.discovery.DiscoveryClient    : Application is null : false
2025-07-05T12:08:19.699+05:30  INFO 8364 --- [auth-service] [DiscoveryClient-CacheRefreshExecutor-%d] com.netflix.discovery.DiscoveryClient    : Registered Applications size is zero : true
2025-07-05T12:08:19.699+05:30  INFO 8364 --- [auth-service] [DiscoveryClient-CacheRefreshExecutor-%d] com.netflix.discovery.DiscoveryClient    : Application version is -1: false
2025-07-05T12:08:19.700+05:30  INFO 8364 --- [auth-service] [DiscoveryClient-CacheRefreshExecutor-%d] com.netflix.discovery.DiscoveryClient    : Getting all instance registry info from the eureka server
2025-07-05T12:08:19.731+05:30  INFO 8364 --- [auth-service] [DiscoveryClient-CacheRefreshExecutor-%d] com.netflix.discovery.DiscoveryClient    : The response status is 200
2025-07-05T12:08:36.115+05:30 DEBUG 8364 --- [auth-service] [http-nio-8081-exec-1] o.s.security.web.FilterChainProxy        : Securing POST /api/auth-service/login
2025-07-05T12:08:36.151+05:30 DEBUG 8364 --- [auth-service] [http-nio-8081-exec-1] o.s.s.w.a.AnonymousAuthenticationFilter  : Set SecurityContextHolder to anonymous SecurityContext
2025-07-05T12:08:36.162+05:30 DEBUG 8364 --- [auth-service] [http-nio-8081-exec-1] o.s.security.web.FilterChainProxy        : Secured POST /api/auth-service/login
2025-07-05T12:08:36.267+05:30  INFO 8364 --- [auth-service] [http-nio-8081-exec-1] c.g.a.controller.AuthController          : Processing login attempt for email: testuser@example.com
2025-07-05T12:08:36.267+05:30  INFO 8364 --- [auth-service] [http-nio-8081-exec-1] c.g.a.service.impl.AuthServiceImpl       : Attempting to authenticate user: testuser@example.com
2025-07-05T12:08:36.607+05:30 DEBUG 8364 --- [auth-service] [http-nio-8081-exec-1] o.s.s.a.dao.DaoAuthenticationProvider    : Authenticated user
2025-07-05T12:08:36.607+05:30  INFO 8364 --- [auth-service] [http-nio-8081-exec-1] c.g.a.service.impl.AuthServiceImpl       : User 'testuser@example.com' authenticated successfully.
2025-07-05T12:08:36.637+05:30  INFO 8364 --- [auth-service] [http-nio-8081-exec-1] c.g.a.controller.AuthController          : User with email testuser@example.com logged in successfully.
2025-07-05T12:09:37.118+05:30 DEBUG 8364 --- [auth-service] [http-nio-8081-exec-3] o.s.security.web.FilterChainProxy        : Securing POST /api/auth-service/login
2025-07-05T12:09:37.119+05:30 DEBUG 8364 --- [auth-service] [http-nio-8081-exec-3] o.s.s.w.a.AnonymousAuthenticationFilter  : Set SecurityContextHolder to anonymous SecurityContext
2025-07-05T12:09:37.119+05:30 DEBUG 8364 --- [auth-service] [http-nio-8081-exec-3] o.s.security.web.FilterChainProxy        : Secured POST /api/auth-service/login
2025-07-05T12:09:37.120+05:30  INFO 8364 --- [auth-service] [http-nio-8081-exec-3] c.g.a.controller.AuthController          : Processing login attempt for email: admin@example.com
2025-07-05T12:09:37.121+05:30  INFO 8364 --- [auth-service] [http-nio-8081-exec-3] c.g.a.service.impl.AuthServiceImpl       : Attempting to authenticate user: admin@example.com
2025-07-05T12:09:37.248+05:30 DEBUG 8364 --- [auth-service] [http-nio-8081-exec-3] o.s.s.a.dao.DaoAuthenticationProvider    : Authenticated user
2025-07-05T12:09:37.249+05:30  INFO 8364 --- [auth-service] [http-nio-8081-exec-3] c.g.a.service.impl.AuthServiceImpl       : User 'admin@example.com' authenticated successfully.
2025-07-05T12:09:37.251+05:30  INFO 8364 --- [auth-service] [http-nio-8081-exec-3] c.g.a.controller.AuthController          : User with email admin@example.com logged in successfully.
2025-07-05T12:12:47.901+05:30  INFO 8364 --- [auth-service] [AsyncResolver-bootstrap-executor-%d] c.n.d.s.r.aws.ConfigClusterResolver      : Resolving eureka endpoints via configuration
2025-07-05T12:17:47.911+05:30  INFO 8364 --- [auth-service] [AsyncResolver-bootstrap-executor-%d] c.n.d.s.r.aws.ConfigClusterResolver      : Resolving eureka endpoints via configuration
2025-07-05T12:22:47.922+05:30  INFO 8364 --- [auth-service] [AsyncResolver-bootstrap-executor-%d] c.n.d.s.r.aws.ConfigClusterResolver      : Resolving eureka endpoints via configuration
2025-07-05T12:27:47.923+05:30  INFO 8364 --- [auth-service] [AsyncResolver-bootstrap-executor-%d] c.n.d.s.r.aws.ConfigClusterResolver      : Resolving eureka endpoints via configuration
2025-07-05T12:32:47.928+05:30  INFO 8364 --- [auth-service] [AsyncResolver-bootstrap-executor-%d] c.n.d.s.r.aws.ConfigClusterResolver      : Resolving eureka endpoints via configuration
2025-07-05T12:37:47.939+05:30  INFO 8364 --- [auth-service] [AsyncResolver-bootstrap-executor-%d] c.n.d.s.r.aws.ConfigClusterResolver      : Resolving eureka endpoints via configuration
2025-07-05T12:42:47.941+05:30  INFO 8364 --- [auth-service] [AsyncResolver-bootstrap-executor-%d] c.n.d.s.r.aws.ConfigClusterResolver      : Resolving eureka endpoints via configuration
